start
20160128151108




Code 1 start~~~~~~~~~~~~~~~~~~~~~~~~~~~~~~~~~~~~~~~~~~~~~~~~~~~~~~~~~~~~
mymocha
appdir in index file: /Users/tsn/Desktop/MyMochaChaiSinonExample/node_modules/mocha/bin
inside testing file~~~~~~~~
in microgear-testing
filePath to cache file: /Users/tsn/Desktop/MyMochaChaiSinonExample/node_modules/mocha/bin/microgear.cache
receiver file: /Users/tsn/Desktop/MyMochaChaiSinonExample/specs/receiver.txt
~~~~~~~~~~~~~~~~~~~~~~~~~~~


  Code 1: Create
    Code 1: Case 1, 2.1, 3.1, 7: Create microgear with gearkey and gearsecret parameter
      ✓ Code 1: Case 1 should save gearkey and gearsecret (43ms)
      ✓ Code 1: Case 2.1 should ignore empty gearkey
      ✓ Code 1: Case 3.1 should ignore empty gearsecret
      ✓ Code 1: Case 7 should save the info only the lastest one when create microgear twice


  4 passing (95ms)

mymocha
appdir in index file: /Users/tsn/Desktop/MyMochaChaiSinonExample/node_modules/mocha/bin
inside testing file~~~~~~~~
in microgear-testing
filePath to cache file: /Users/tsn/Desktop/MyMochaChaiSinonExample/node_modules/mocha/bin/microgear.cache
receiver file: /Users/tsn/Desktop/MyMochaChaiSinonExample/specs/receiver.txt
~~~~~~~~~~~~~~~~~~~~~~~~~~~


  Code 1: Create
    Code 1: Case 2.2, 2.3, 2.4, 3.2, 3.3, 3.4 Create with invalid input - require connect
      - Code 1: Case 2.2 should throw error when appkey change its case
      - Code 1: Case 2.3 should throw error when appkey is trimmed
      - Code 1: Case 2.3 should throw error when appkey is added
      - Code 1: Case 2.4 should throw error when uses another appkey
      - Code 1: Case 3.2 should throw error when appsecret change its case
      - Code 1: Case 3.3 should throw error when appsecret is trimmed
      - Code 1: Case 3.3 should throw error when appsecret is added
      - Code 1: Case 3.4 should throw error when uses another appsecret


  0 passing (8ms)
  8 pending

myhelper
appdir in index file: /Users/tsn/Desktop/MyMochaChaiSinonExample/microgear_helpers
in helper file pathToFile in helper file: /Users/tsn/Desktop/MyMochaChaiSinonExample/specs/receiver.txt
clear cache
mymocha
appdir in index file: /Users/tsn/Desktop/MyMochaChaiSinonExample/node_modules/mocha/bin
inside testing file~~~~~~~~
in microgear-testing
filePath to cache file: /Users/tsn/Desktop/MyMochaChaiSinonExample/node_modules/mocha/bin/microgear.cache
receiver file: /Users/tsn/Desktop/MyMochaChaiSinonExample/specs/receiver.txt
~~~~~~~~~~~~~~~~~~~~~~~~~~~


  Code 1: Create
    Code 1: Case 4 Create with gearalias parameter
clear cache
Connected...
helper chatx to main
chat message
chat message
chat message
chat message
chat message
chat message
chat message
chat message
chat message
chat message
chat message
chat message
chat message
chat message
chat message
chat message
chat message
chat message
chat message
chat message
chat message
chat message
      ✓ Code 1: Case 4.1 should save gearalias and receive message from helper (23077ms)
clear cache
chat message
chat message
chat message
chat message
chat message
chat message
chat message
chat message
chat message
chat message
      ✓ Code 1: Case 4.2 should be able to connect when gearalias is empty string (10008ms)
      - Code 1: Case 4.3 should not receive message from helper that chat to gearname similar to topic


  2 passing (33s)
  1 pending

chat message
chat message
chat message
myhelper
appdir in index file: /Users/tsn/Desktop/MyMochaChaiSinonExample/microgear_helpers
in helper file pathToFile in helper file: /Users/tsn/Desktop/MyMochaChaiSinonExample/specs/receiver.txt
clear cache
Connected...
helper chatx to /firstTopic
chat message
chat message
chat message
chat message
mymocha
appdir in index file: /Users/tsn/Desktop/MyMochaChaiSinonExample/node_modules/mocha/bin
inside testing file~~~~~~~~
in microgear-testing
filePath to cache file: /Users/tsn/Desktop/MyMochaChaiSinonExample/node_modules/mocha/bin/microgear.cache
receiver file: /Users/tsn/Desktop/MyMochaChaiSinonExample/specs/receiver.txt
~~~~~~~~~~~~~~~~~~~~~~~~~~~


  Code 1: Create
    Code 1: Case 4 Create with gearalias parameter
      - Code 1: Case 4.3 should not receive message from helper that chat to gearname similar to topic
    Code 1: Case 4.3 Create with gearalias parameter
      - Code 1: Case 4.3 should not receive message from helper that chat to gearname similar to topic


  0 passing (8ms)
  2 pending

chat message
chat message
chat message
Code 1 done~~~~~~~~~~~~~~~~~~~~~~~~~~~~~~~~~~~~~~~~~~~~~~~~~~~~~~~~~~~~~
Code 2 start~~~~~~~~~~~~~~~~~~~~~~~~~~~~~~~~~~~~~~~~~~~~~~~~~~~~~~~~~~~~
mymocha
appdir in index file: /Users/tsn/Desktop/MyMochaChaiSinonExample/node_modules/mocha/bin
inside testing file~~~~~~~~
in microgear-testing
filePath to cache file: /Users/tsn/Desktop/MyMochaChaiSinonExample/node_modules/mocha/bin/microgear.cache
receiver file: /Users/tsn/Desktop/MyMochaChaiSinonExample/specs/receiver.txt
~~~~~~~~~~~~~~~~~~~~~~~~~~~


  Code 2: Connect
    Code 2: Case 1 Connect with valid appid
      ✓ Code 2: Case 1 should be able to connect without any errors (10077ms)
    Code 2: Case 2 Connect with invalid appid
      - Code 2: Case 2.1 should throw error when appid is empty string
      - Code 2: Case 2.2 should throw error when appid change its case
      - Code 2: Case 2.2 should throw error when appid change its case
      - Code 2: Case 2.3 should throw error when appid is trimmed
      - Code 2: Case 2.3 should throw error when appid is added
      - Code 2: Case 2.4 should throw error when uses another appid
    Code 2: Case 3 Connect microgear when no microgear.cache file
      ✓ should save setalias and receive message (10035ms)


  2 passing (20s)
  6 pending

Code 2 done~~~~~~~~~~~~~~~~~~~~~~~~~~~~~~~~~~~~~~~~~~~~~~~~~~~~~~~~~~~~~
Code 3 start~~~~~~~~~~~~~~~~~~~~~~~~~~~~~~~~~~~~~~~~~~~~~~~~~~~~~~~~~~~~
myhelper
appdir in index file: /Users/tsn/Desktop/MyMochaChaiSinonExample/microgear_helpers
in helper file pathToFile in helper file: /Users/tsn/Desktop/MyMochaChaiSinonExample/specs/receiver.txt
clear cache
Connected...
helper chatx to main
chat message
chat message
chat message
mymocha
appdir in index file: /Users/tsn/Desktop/MyMochaChaiSinonExample/node_modules/mocha/bin
inside testing file~~~~~~~~
in microgear-testing
filePath to cache file: /Users/tsn/Desktop/MyMochaChaiSinonExample/node_modules/mocha/bin/microgear.cache
receiver file: /Users/tsn/Desktop/MyMochaChaiSinonExample/specs/receiver.txt
~~~~~~~~~~~~~~~~~~~~~~~~~~~


  Code 3: Setalias
    Code 3: Case 1, 2, 3 Setalias
clear cache
chat message
chat message
chat message
chat message
chat message
chat message
chat message
chat message
chat message
chat message
chat message
chat message
chat message
chat message
chat message
chat message
chat message
chat message
chat message
chat message
chat message
chat message
chat message
      ✓ Code 3: Case 1 should receive message from helper (23036ms)
clear cache
chat message
chat message
chat message
chat message
chat message
chat message
chat message
chat message
chat message
chat message
chat message
chat message
chat message
chat message
chat message
chat message
chat message
chat message
chat message
chat message
chat message
chat message
chat message
chat message
chat message
chat message
chat message
chat message
chat message
chat message
chat message
chat message
chat message
chat message
chat message
chat message
chat message
      ✓ Code 3: Case 2 should receive message from helper before setalias (37017ms)
clear cache
chat message
chat message
chat message
chat message
chat message
chat message
chat message
chat message
chat message
chat message
chat message
chat message
chat message
chat message
chat message
chat message
chat message
chat message
chat message
chat message
chat message
chat message
chat message
mainNew
chat message
chat message
chat message
chat message
chat message
chat message
chat message
chat message
chat message
chat message
chat message
chat message
chat message
      ✓ Code 3: Case 2 should receive message from helper after setalias (37014ms)
      - Code 3: Case 3 should save only the latest setalias value when setalias more than once


  3 passing (2m)
  1 pending

chat message
chat message
chat message
chat message
myhelper
appdir in index file: /Users/tsn/Desktop/MyMochaChaiSinonExample/microgear_helpers
in helper file pathToFile in helper file: /Users/tsn/Desktop/MyMochaChaiSinonExample/specs/receiver.txt
clear cache
Connected...
helper chatx to 
chat message
chat message
chat message
chat message
mymocha
appdir in index file: /Users/tsn/Desktop/MyMochaChaiSinonExample/node_modules/mocha/bin
inside testing file~~~~~~~~
in microgear-testing
filePath to cache file: /Users/tsn/Desktop/MyMochaChaiSinonExample/node_modules/mocha/bin/microgear.cache
receiver file: /Users/tsn/Desktop/MyMochaChaiSinonExample/specs/receiver.txt
~~~~~~~~~~~~~~~~~~~~~~~~~~~


  Code 3: Setalias
    Code 3: Case 4 Setalias as empty string
clear cache
chat message
chat message
chat message
chat message
chat message
chat message
chat message
chat message
chat message
chat message
      ✓ Code 3: Case 4 should not be able to setalias as empty string (10033ms)


  1 passing (10s)

chat message
chat message
chat message
myhelper
appdir in index file: /Users/tsn/Desktop/MyMochaChaiSinonExample/microgear_helpers
in helper file pathToFile in helper file: /Users/tsn/Desktop/MyMochaChaiSinonExample/specs/receiver.txt
/firstTopic
clear cache
Connected...
publishx to/firstTopic
publish message
mymocha
appdir in index file: /Users/tsn/Desktop/MyMochaChaiSinonExample/node_modules/mocha/bin
inside testing file~~~~~~~~
in microgear-testing
filePath to cache file: /Users/tsn/Desktop/MyMochaChaiSinonExample/node_modules/mocha/bin/microgear.cache
receiver file: /Users/tsn/Desktop/MyMochaChaiSinonExample/specs/receiver.txt
~~~~~~~~~~~~~~~~~~~~~~~~~~~


  Code 3: Setalias
    Code 3: Case 5 Setalias like topic
clear cache
publish message
publish message
publish message
publish message
publish message
publish message
publish message
publish message
publish message
publish message
publish message
publish message
publish message
publish message
publish message
publish message
publish message
publish message
publish message
publish message
publish message
publish message
publish message
publish message
publish message
publish message
publish message
publish message
publish message
publish message
publish message
publish message
publish message
publish message
publish message
publish message
publish message
      ✓ should not receive message when helper publishes the topic (37047ms)


  1 passing (37s)

publish message
publish message
publish message
Code 3 done~~~~~~~~~~~~~~~~~~~~~~~~~~~~~~~~~~~~~~~~~~~~~~~~~~~~~~~~~~~~~
Code 4 start~~~~~~~~~~~~~~~~~~~~~~~~~~~~~~~~~~~~~~~~~~~~~~~~~~~~~~~~~~~~
mymocha
appdir in index file: /Users/tsn/Desktop/MyMochaChaiSinonExample/node_modules/mocha/bin
inside testing file~~~~~~~~
in microgear-testing
filePath to cache file: /Users/tsn/Desktop/MyMochaChaiSinonExample/node_modules/mocha/bin/microgear.cache
receiver file: /Users/tsn/Desktop/MyMochaChaiSinonExample/specs/receiver.txt
~~~~~~~~~~~~~~~~~~~~~~~~~~~


  Code 4: Chat
    Code 4: Case 1 Chat with main
clear cache
      ✓ should receive message (23025ms)
    Code 4: Case 10 Chat to topic that has subscriber
clear cache
create empty file!
      ✓ should not receive the message (23051ms)
    Code 4: Case 11 Chat with more than one microgear
      - should send the message to helper


  2 passing (46s)
  1 pending

myhelper
appdir in index file: /Users/tsn/Desktop/MyMochaChaiSinonExample/microgear_helpers
in helper file pathToFile in helper file: /Users/tsn/Desktop/MyMochaChaiSinonExample/specs/receiver.txt
clear cache
Connected...
mymocha
appdir in index file: /Users/tsn/Desktop/MyMochaChaiSinonExample/node_modules/mocha/bin
inside testing file~~~~~~~~
in microgear-testing
filePath to cache file: /Users/tsn/Desktop/MyMochaChaiSinonExample/node_modules/mocha/bin/microgear.cache
receiver file: /Users/tsn/Desktop/MyMochaChaiSinonExample/specs/receiver.txt
~~~~~~~~~~~~~~~~~~~~~~~~~~~


  Code 4: Chat
    Code 4: Case 2 Chat with other online microgear in same appid
clear cache
create empty file!
good
Incoming message: Hellohelper
The file was saved!
message: (Hellohelper)
      ✓ should send the message to helper (23039ms)


  1 passing (23s)

myhelper
appdir in index file: /Users/tsn/Desktop/MyMochaChaiSinonExample/microgear_helpers
in helper file pathToFile in helper file: /Users/tsn/Desktop/MyMochaChaiSinonExample/specs/receiver.txt
different app id
clear cache
Connected...
mymocha
appdir in index file: /Users/tsn/Desktop/MyMochaChaiSinonExample/node_modules/mocha/bin
inside testing file~~~~~~~~
in microgear-testing
filePath to cache file: /Users/tsn/Desktop/MyMochaChaiSinonExample/node_modules/mocha/bin/microgear.cache
receiver file: /Users/tsn/Desktop/MyMochaChaiSinonExample/specs/receiver.txt
~~~~~~~~~~~~~~~~~~~~~~~~~~~


  Code 4: Chat
    Code 4: Case 3 Chat with other microgear in different appid
clear cache
create empty file!
      ✓ should not receive the message (23015ms)


  1 passing (23s)

myhelper
appdir in index file: /Users/tsn/Desktop/MyMochaChaiSinonExample/microgear_helpers
in helper file pathToFile in helper file: /Users/tsn/Desktop/MyMochaChaiSinonExample/specs/receiver.txt
clear cache
Connected...
setaliasx to main
main
mymocha
appdir in index file: /Users/tsn/Desktop/MyMochaChaiSinonExample/node_modules/mocha/bin
inside testing file~~~~~~~~
in microgear-testing
filePath to cache file: /Users/tsn/Desktop/MyMochaChaiSinonExample/node_modules/mocha/bin/microgear.cache
receiver file: /Users/tsn/Desktop/MyMochaChaiSinonExample/specs/receiver.txt
~~~~~~~~~~~~~~~~~~~~~~~~~~~


  Code 4: Chat
    Code 4: Case 5 Chat with other microgear that shares the same name
hello
clear cache
create empty file!
Incoming message: Hello
The file was saved!
message: (Hello)
      ✓ the helper should receive the message (25017ms)


  1 passing (25s)

mymocha
appdir in index file: /Users/tsn/Desktop/MyMochaChaiSinonExample/node_modules/mocha/bin
inside testing file~~~~~~~~
in microgear-testing
filePath to cache file: /Users/tsn/Desktop/MyMochaChaiSinonExample/node_modules/mocha/bin/microgear.cache
receiver file: /Users/tsn/Desktop/MyMochaChaiSinonExample/specs/receiver.txt
~~~~~~~~~~~~~~~~~~~~~~~~~~~


  Code 4: Chat
    Code 4: Case 7 Chat when not connect
      - should trigger error event


  0 passing (8ms)
  1 pending

myhelper
appdir in index file: /Users/tsn/Desktop/MyMochaChaiSinonExample/microgear_helpers
in helper file pathToFile in helper file: /Users/tsn/Desktop/MyMochaChaiSinonExample/specs/receiver.txt
clear cache
Connected...
setaliasx to /firstTopic
/firstTopic
mymocha
appdir in index file: /Users/tsn/Desktop/MyMochaChaiSinonExample/node_modules/mocha/bin
inside testing file~~~~~~~~
in microgear-testing
filePath to cache file: /Users/tsn/Desktop/MyMochaChaiSinonExample/node_modules/mocha/bin/microgear.cache
receiver file: /Users/tsn/Desktop/MyMochaChaiSinonExample/specs/receiver.txt
~~~~~~~~~~~~~~~~~~~~~~~~~~~


  Code 4: Chat
    Code 4: Case 8 Chat to microgear that has gearname as topic
      - should not receive the message


  0 passing (6ms)
  1 pending

myhelper
appdir in index file: /Users/tsn/Desktop/MyMochaChaiSinonExample/microgear_helpers
in helper file pathToFile in helper file: /Users/tsn/Desktop/MyMochaChaiSinonExample/specs/receiver.txt
clear cache
Connected...
setaliasx to 

mymocha
appdir in index file: /Users/tsn/Desktop/MyMochaChaiSinonExample/node_modules/mocha/bin
inside testing file~~~~~~~~
in microgear-testing
filePath to cache file: /Users/tsn/Desktop/MyMochaChaiSinonExample/node_modules/mocha/bin/microgear.cache
receiver file: /Users/tsn/Desktop/MyMochaChaiSinonExample/specs/receiver.txt
~~~~~~~~~~~~~~~~~~~~~~~~~~~


  Code 4: Chat
    Code 4: Case 9 Chat to microgear that has empty string name
clear cache
create empty file!
      ✓ should not receive the message (23090ms)


  1 passing (23s)

myhelper
appdir in index file: /Users/tsn/Desktop/MyMochaChaiSinonExample/microgear_helpers
in helper file pathToFile in helper file: /Users/tsn/Desktop/MyMochaChaiSinonExample/specs/receiver.txt
clear cache
Connected...
mymocha
appdir in index file: /Users/tsn/Desktop/MyMochaChaiSinonExample/node_modules/mocha/bin
inside testing file~~~~~~~~
in microgear-testing
filePath to cache file: /Users/tsn/Desktop/MyMochaChaiSinonExample/node_modules/mocha/bin/microgear.cache
receiver file: /Users/tsn/Desktop/MyMochaChaiSinonExample/specs/receiver.txt
~~~~~~~~~~~~~~~~~~~~~~~~~~~


  Code 4: Chat
    Code 4: Case 10 Chat to topic that has subscriber
create empty file!
clear cache
      ✓ should not receive the message (23018ms)


  1 passing (23s)

myhelper
appdir in index file: /Users/tsn/Desktop/MyMochaChaiSinonExample/microgear_helpers
myhelper
appdir in index file: /Users/tsn/Desktop/MyMochaChaiSinonExample/microgear_helpers/2
in helper file pathToFile in helper file: /Users/tsn/Desktop/MyMochaChaiSinonExample/specs/receiver.txt
clear cache
clear cache
Connected...
mymocha
appdir in index file: /Users/tsn/Desktop/MyMochaChaiSinonExample/node_modules/mocha/bin
inside testing file~~~~~~~~
in microgear-testing
filePath to cache file: /Users/tsn/Desktop/MyMochaChaiSinonExample/node_modules/mocha/bin/microgear.cache
receiver file: /Users/tsn/Desktop/MyMochaChaiSinonExample/specs/receiver.txt
~~~~~~~~~~~~~~~~~~~~~~~~~~~


  Code 4: Chat
    Code 4: Case 11 Chat with more than one microgear
      - should send the message to helper


  0 passing (6ms)
  1 pending

Code 4 done~~~~~~~~~~~~~~~~~~~~~~~~~~~~~~~~~~~~~~~~~~~~~~~~~~~~~~~~~~~~~
Code 5 start~~~~~~~~~~~~~~~~~~~~~~~~~~~~~~~~~~~~~~~~~~~~~~~~~~~~~~~~~~~~~
myhelper
appdir in index file: /Users/tsn/Desktop/MyMochaChaiSinonExample/microgear_helpers
in helper file pathToFile in helper file: /Users/tsn/Desktop/MyMochaChaiSinonExample/specs/receiver.txt
/firstTopic
clear cache
Connected...
publishx to/firstTopic
publish message
publish message
mymocha
appdir in index file: /Users/tsn/Desktop/MyMochaChaiSinonExample/node_modules/mocha/bin
publish message
inside testing file~~~~~~~~
in microgear-testing
filePath to cache file: /Users/tsn/Desktop/MyMochaChaiSinonExample/node_modules/mocha/bin/microgear.cache
receiver file: /Users/tsn/Desktop/MyMochaChaiSinonExample/specs/receiver.txt
~~~~~~~~~~~~~~~~~~~~~~~~~~~


  Code 5: Subscribe
    Code 5: Case 1 Subscribe one topic
clear cache
publish message
publish message
publish message
publish message
publish message
publish message
publish message
publish message
publish message
publish message
publish message
publish message
publish message
publish message
publish message
publish message
publish message
publish message
publish message
publish message
publish message
publish message
publish message
Hello
      ✓ should receive message from that topic when the helper publishes (23043ms)


  1 passing (23s)

publish message
publish message
publish message
mymocha
appdir in index file: /Users/tsn/Desktop/MyMochaChaiSinonExample/node_modules/mocha/bin
inside testing file~~~~~~~~
in microgear-testing
filePath to cache file: /Users/tsn/Desktop/MyMochaChaiSinonExample/node_modules/mocha/bin/microgear.cache
receiver file: /Users/tsn/Desktop/MyMochaChaiSinonExample/specs/receiver.txt
~~~~~~~~~~~~~~~~~~~~~~~~~~~


  Code 5: Subscribe
    Code 5: Case 2 Subscribe same topic twice
clear cache
publish message
publish message
publish message
publish message
publish message
publish message
publish message
publish message
publish message
publish message
publish message
publish message
publish message
publish message
publish message
publish message
publish message
publish message
publish message
publish message
publish message
publish message
publish message
publish message
publish message
publish message
publish message
publish message
publish message
publish message
publish message
publish message
publish message
publish message
publish message
publish message
publish message
      ✓ should not change its behavior -> should still receive message from that topic when the helper publishes (37017ms)


  1 passing (37s)

publish message
publish message
publish message
publish message
publish message
mymocha
appdir in index file: /Users/tsn/Desktop/MyMochaChaiSinonExample/node_modules/mocha/bin
publish message
inside testing file~~~~~~~~
in microgear-testing
filePath to cache file: /Users/tsn/Desktop/MyMochaChaiSinonExample/node_modules/mocha/bin/microgear.cache
receiver file: /Users/tsn/Desktop/MyMochaChaiSinonExample/specs/receiver.txt
~~~~~~~~~~~~~~~~~~~~~~~~~~~


  Code 5: Subscribe
    Code 5: Case 3 Subscribe topic after unsubscribe before
clear cache
publish message
publish message
publish message
publish message
publish message
publish message
publish message
publish message
publish message
publish message
publish message
publish message
publish message
publish message
publish message
publish message
publish message
publish message
publish message
publish message
publish message
publish message
publish message
publish message
publish message
publish message
publish message
publish message
publish message
publish message
publish message
publish message
publish message
publish message
publish message
publish message
publish message
publish message
publish message
publish message
publish message
publish message
publish message
publish message
publish message
publish message
publish message
publish message
publish message
publish message
publish message
      ✓ should receive message when helper publishes topic (52018ms)


  1 passing (52s)

publish message
publish message
publish message
publish message
mymocha
appdir in index file: /Users/tsn/Desktop/MyMochaChaiSinonExample/node_modules/mocha/bin
inside testing file~~~~~~~~
in microgear-testing
filePath to cache file: /Users/tsn/Desktop/MyMochaChaiSinonExample/node_modules/mocha/bin/microgear.cache
receiver file: /Users/tsn/Desktop/MyMochaChaiSinonExample/specs/receiver.txt
~~~~~~~~~~~~~~~~~~~~~~~~~~~


  Code 5: Subscribe
    Code 5: Case 4 Subscribe topic that it publishes
clear cache
      ✓ should receive message (37035ms)


  1 passing (37s)

myhelper
appdir in index file: /Users/tsn/Desktop/MyMochaChaiSinonExample/microgear_helpers
in helper file pathToFile in helper file: /Users/tsn/Desktop/MyMochaChaiSinonExample/specs/receiver.txt
clear cache
Connected...
publishx tofirstTopic
publish message
!! Error: microgear is disconnected, cannot publish.
publish message
Connected...
publishx tofirstTopic
publish message
!! Error: microgear is disconnected, cannot publish.
publish message
mymocha
appdir in index file: /Users/tsn/Desktop/MyMochaChaiSinonExample/node_modules/mocha/bin
!! Error: microgear is disconnected, cannot publish.
publish message
inside testing file~~~~~~~~
in microgear-testing
filePath to cache file: /Users/tsn/Desktop/MyMochaChaiSinonExample/node_modules/mocha/bin/microgear.cache
receiver file: /Users/tsn/Desktop/MyMochaChaiSinonExample/specs/receiver.txt
~~~~~~~~~~~~~~~~~~~~~~~~~~~


  Code 5: Subscribe
    Code 5: Case 5 Subscribe invalid topic - no slash
clear cache
Connected...
publishx tofirstTopic
publish message
!! Error: microgear is disconnected, cannot publish.
publish message
!! Error: microgear is disconnected, cannot publish.
publish message
!! Error: microgear is disconnected, cannot publish.
publish message
Connected...
publishx tofirstTopic
publish message
!! Error: microgear is disconnected, cannot publish.
publish message
!! Error: microgear is disconnected, cannot publish.
publish message
!! Error: microgear is disconnected, cannot publish.
publish message
!! Error: microgear is disconnected, cannot publish.
publish message
!! Error: microgear is disconnected, cannot publish.
publish message
!! Error: microgear is disconnected, cannot publish.
publish message
Connected...
publishx tofirstTopic
publish message
!! Error: microgear is disconnected, cannot publish.
publish message
!! Error: microgear is disconnected, cannot publish.
publish message
!! Error: microgear is disconnected, cannot publish.
publish message
!! Error: microgear is disconnected, cannot publish.
publish message
!! Error: microgear is disconnected, cannot publish.
publish message
Connected...
publishx tofirstTopic
publish message
!! Error: microgear is disconnected, cannot publish.
publish message
!! Error: microgear is disconnected, cannot publish.
publish message
!! Error: microgear is disconnected, cannot publish.
publish message
!! Error: microgear is disconnected, cannot publish.
publish message
!! Error: microgear is disconnected, cannot publish.
publish message
!! Error: microgear is disconnected, cannot publish.
publish message
Connected...
publishx tofirstTopic
publish message
publish message
!! Error: microgear is disconnected, cannot publish.
publish message
!! Error: microgear is disconnected, cannot publish.
publish message
!! Error: microgear is disconnected, cannot publish.
publish message
!! Error: microgear is disconnected, cannot publish.
publish message
!! Error: microgear is disconnected, cannot publish.
publish message
!! Error: microgear is disconnected, cannot publish.
publish message
!! Error: microgear is disconnected, cannot publish.
publish message
!! Error: microgear is disconnected, cannot publish.
publish message
Connected...
publishx tofirstTopic
publish message
!! Error: microgear is disconnected, cannot publish.
publish message
!! Error: microgear is disconnected, cannot publish.
publish message
!! Error: microgear is disconnected, cannot publish.
publish message
!! Error: microgear is disconnected, cannot publish.
publish message
!! Error: microgear is disconnected, cannot publish.
publish message
!! Error: microgear is disconnected, cannot publish.
publish message
!! Error: microgear is disconnected, cannot publish.
publish message
!! Error: microgear is disconnected, cannot publish.
publish message
!! Error: microgear is disconnected, cannot publish.
publish message
!! Error: microgear is disconnected, cannot publish.
publish message
!! Error: microgear is disconnected, cannot publish.
publish message
Connected...
publishx tofirstTopic
publish message
publish message
publish message
publish message
publish message
!! Error: microgear is disconnected, cannot publish.
publish message
!! Error: microgear is disconnected, cannot publish.
publish message
!! Error: microgear is disconnected, cannot publish.
publish message
!! Error: microgear is disconnected, cannot publish.
publish message
!! Error: microgear is disconnected, cannot publish.
publish message
!! Error: microgear is disconnected, cannot publish.
publish message
!! Error: microgear is disconnected, cannot publish.
publish message
!! Error: microgear is disconnected, cannot publish.
publish message
!! Error: microgear is disconnected, cannot publish.
publish message
!! Error: microgear is disconnected, cannot publish.
publish message
Connected...
publishx tofirstTopic
publish message
!! Error: microgear is disconnected, cannot publish.
publish message
!! Error: microgear is disconnected, cannot publish.
publish message
!! Error: microgear is disconnected, cannot publish.
publish message
!! Error: microgear is disconnected, cannot publish.
publish message
!! Error: microgear is disconnected, cannot publish.
publish message
!! Error: microgear is disconnected, cannot publish.
publish message
!! Error: microgear is disconnected, cannot publish.
publish message
!! Error: microgear is disconnected, cannot publish.
publish message
!! Error: microgear is disconnected, cannot publish.
publish message
!! Error: microgear is disconnected, cannot publish.
publish message
!! Error: microgear is disconnected, cannot publish.
publish message
!! Error: microgear is disconnected, cannot publish.
publish message
!! Error: microgear is disconnected, cannot publish.
publish message
!! Error: microgear is disconnected, cannot publish.
publish message
Connected...
publishx tofirstTopic
publish message
publish message
publish message
publish message
publish message
publish message
publish message
publish message
publish message
publish message
publish message
publish message
publish message
publish message
publish message
publish message
publish message
publish message
publish message
publish message
publish message
publish message
publish message
publish message
publish message
publish message
publish message
publish message
publish message
publish message
publish message
publish message
publish message
publish message
publish message
publish message
publish message
publish message
publish message
publish message
publish message
publish message
publish message
publish message
publish message
publish message
publish message
publish message
publish message
publish message
publish message
publish message
publish message
publish message
publish message
publish message
publish message
publish message
publish message
publish message
publish message
publish message
publish message
publish message
publish message
publish message
publish message
publish message
publish message
publish message
publish message
publish message
publish message
publish message
publish message
publish message
publish message
publish message
publish message
publish message
publish message
publish message
publish message
publish message
publish message
publish message
publish message
publish message
publish message
publish message
publish message
publish message
publish message
publish message
publish message
publish message
publish message
publish message
publish message
publish message
publish message
publish message
publish message
publish message
publish message
publish message
publish message
publish message
publish message
publish message
publish message
publish message
publish message
publish message
publish message
in
      ✓ should not receive message from invalid topic (23015ms)


  1 passing (23s)

publish message
myhelper
appdir in index file: /Users/tsn/Desktop/MyMochaChaiSinonExample/microgear_helpers
in helper file pathToFile in helper file: /Users/tsn/Desktop/MyMochaChaiSinonExample/specs/receiver.txt
clear cache
Connected...
publishx to
publish message
publish message
publish message
mymocha
appdir in index file: /Users/tsn/Desktop/MyMochaChaiSinonExample/node_modules/mocha/bin
inside testing file~~~~~~~~
in microgear-testing
filePath to cache file: /Users/tsn/Desktop/MyMochaChaiSinonExample/node_modules/mocha/bin/microgear.cache
receiver file: /Users/tsn/Desktop/MyMochaChaiSinonExample/specs/receiver.txt
~~~~~~~~~~~~~~~~~~~~~~~~~~~


  Code 5: Subscribe
    Code 5: Case 6 Subscribe special topic - empty string
      - should not receive message from empty string topic


  0 passing (6ms)
  1 pending

publish message
myhelper
appdir in index file: /Users/tsn/Desktop/MyMochaChaiSinonExample/microgear_helpers
in helper file pathToFile in helper file: /Users/tsn/Desktop/MyMochaChaiSinonExample/specs/receiver.txt
/firstTopic
clear cache
Connected...
publishx to/firstTopic
publish message
publish message
publish message
mymocha
appdir in index file: /Users/tsn/Desktop/MyMochaChaiSinonExample/node_modules/mocha/bin
inside testing file~~~~~~~~
in microgear-testing
filePath to cache file: /Users/tsn/Desktop/MyMochaChaiSinonExample/node_modules/mocha/bin/microgear.cache
receiver file: /Users/tsn/Desktop/MyMochaChaiSinonExample/specs/receiver.txt
~~~~~~~~~~~~~~~~~~~~~~~~~~~


  Code 5: Subscribe
    Code 5: Case 7 Subscribe that reconnect
      - should not receive any message after resettoken


  0 passing (6ms)
  1 pending

Code 5 done~~~~~~~~~~~~~~~~~~~~~~~~~~~~~~~~~~~~~~~~~~~~~~~~~~~~~~~~~~~~~
Code 6 start~~~~~~~~~~~~~~~~~~~~~~~~~~~~~~~~~~~~~~~~~~~~~~~~~~~~~~~~~~~~~
myhelper
appdir in index file: /Users/tsn/Desktop/MyMochaChaiSinonExample/microgear_helpers
in helper file pathToFile in helper file: /Users/tsn/Desktop/MyMochaChaiSinonExample/specs/receiver.txt
/firstTopic
clear cache
Connected...
publishx to/firstTopic
publish message
publish message
mymocha
appdir in index file: /Users/tsn/Desktop/MyMochaChaiSinonExample/node_modules/mocha/bin
inside testing file~~~~~~~~
in microgear-testing
filePath to cache file: /Users/tsn/Desktop/MyMochaChaiSinonExample/node_modules/mocha/bin/microgear.cache
receiver file: /Users/tsn/Desktop/MyMochaChaiSinonExample/specs/receiver.txt
~~~~~~~~~~~~~~~~~~~~~~~~~~~


  Code 6: Unsubscribe
    Code 6: Case 1 Unsubscribe topic after subscribe
clear cache
publish message
publish message
publish message
publish message
publish message
publish message
publish message
publish message
publish message
publish message
publish message
publish message
publish message
publish message
publish message
publish message
publish message
publish message
publish message
publish message
publish message
publish message
publish message
publish message
publish message
publish message
publish message
publish message
publish message
publish message
publish message
publish message
publish message
publish message
publish message
publish message
publish message
      ✓ should not receive message when helper publish topic (37015ms)


  1 passing (37s)

myhelper
appdir in index file: /Users/tsn/Desktop/MyMochaChaiSinonExample/microgear_helpers
in helper file pathToFile in helper file: /Users/tsn/Desktop/MyMochaChaiSinonExample/specs/receiver.txt
/firstTopic
clear cache
Connected...
publishx to/firstTopic
publish message
publish message
publish message
publish message
publish message
mymocha
appdir in index file: /Users/tsn/Desktop/MyMochaChaiSinonExample/node_modules/mocha/bin
inside testing file~~~~~~~~
in microgear-testing
filePath to cache file: /Users/tsn/Desktop/MyMochaChaiSinonExample/node_modules/mocha/bin/microgear.cache
receiver file: /Users/tsn/Desktop/MyMochaChaiSinonExample/specs/receiver.txt
~~~~~~~~~~~~~~~~~~~~~~~~~~~


  Code 6: Unsubscribe
    Code 6: Case 2 Unsubscribe topic before subscribe
clear cache
publish message
publish message
publish message
publish message
publish message
publish message
publish message
publish message
publish message
publish message
publish message
publish message
publish message
publish message
publish message
publish message
publish message
publish message
publish message
publish message
publish message
publish message
publish message
publish message
publish message
publish message
publish message
publish message
publish message
publish message
publish message
publish message
publish message
publish message
publish message
publish message
publish message
      ✓ should not affect subscribe (37013ms)


  1 passing (37s)

myhelper
appdir in index file: /Users/tsn/Desktop/MyMochaChaiSinonExample/microgear_helpers
in helper file pathToFile in helper file: /Users/tsn/Desktop/MyMochaChaiSinonExample/specs/receiver.txt
/firstTopic
clear cache
Connected...
publishx to/firstTopic
publish message
publish message
publish message
publish message
publish message
publish message
mymocha
appdir in index file: /Users/tsn/Desktop/MyMochaChaiSinonExample/node_modules/mocha/bin
publish message
inside testing file~~~~~~~~
in microgear-testing
filePath to cache file: /Users/tsn/Desktop/MyMochaChaiSinonExample/node_modules/mocha/bin/microgear.cache
receiver file: /Users/tsn/Desktop/MyMochaChaiSinonExample/specs/receiver.txt
~~~~~~~~~~~~~~~~~~~~~~~~~~~


  Code 6: Unsubscribe
    Code 6: Case 3 Unsubscribe the same topic twice starts from subscribe/unsubscribe
clear cache
publish message
publish message
publish message
publish message
publish message
publish message
publish message
publish message
publish message
publish message
unsubscribe
publish message
publish message
publish message
publish message
publish message
publish message
publish message
publish message
publish message
publish message
publish message
publish message
publish message
unsubscribe 2
publish message
publish message
publish message
publish message
publish message
publish message
publish message
publish message
publish message
publish message
publish message
publish message
publish message
publish message
subscribe
publish message
publish message
publish message
publish message
publish message
publish message
publish message
publish message
publish message
publish message
publish message
publish message
publish message
publish message
      ✓ should receive message - starts from unsubscribe (52062ms)
publish message
clear cache
publish message
publish message
publish message
publish message
publish message
publish message
publish message
publish message
publish message
sub
publish message
publish message
publish message
publish message
publish message
publish message
publish message
publish message
publish message
publish message
publish message
publish message
publish message
unsub
publish message
publish message
publish message
publish message
publish message
publish message
publish message
publish message
publish message
publish message
publish message
publish message
publish message
publish message
publish message
unsub 2
publish message
publish message
publish message
publish message
publish message
publish message
publish message
publish message
publish message
publish message
publish message
publish message
publish message
publish message
publish message
publish message
publish message
      ✓ should not receive message - starts from subscribe (55011ms)


  2 passing (2m)

publish message
publish message
publish message
myhelper
appdir in index file: /Users/tsn/Desktop/MyMochaChaiSinonExample/microgear_helpers
in helper file pathToFile in helper file: /Users/tsn/Desktop/MyMochaChaiSinonExample/specs/receiver.txt
clear cache
Connected...
publishx to
mymocha
appdir in index file: /Users/tsn/Desktop/MyMochaChaiSinonExample/node_modules/mocha/bin
inside testing file~~~~~~~~
in microgear-testing
filePath to cache file: /Users/tsn/Desktop/MyMochaChaiSinonExample/node_modules/mocha/bin/microgear.cache
receiver file: /Users/tsn/Desktop/MyMochaChaiSinonExample/specs/receiver.txt
~~~~~~~~~~~~~~~~~~~~~~~~~~~


  Code 6: Unsubscribe
    Code 6: Case 4 Unsubscribe the empty string topic
      - should still not receive message after unsubscribe


  0 passing (7ms)
  1 pending

publish message
publish message
publish message
myhelper
appdir in index file: /Users/tsn/Desktop/MyMochaChaiSinonExample/microgear_helpers
in helper file pathToFile in helper file: /Users/tsn/Desktop/MyMochaChaiSinonExample/specs/receiver.txt
clear cache
mymocha
appdir in index file: /Users/tsn/Desktop/MyMochaChaiSinonExample/node_modules/mocha/bin
Connected...
publishx tofirstTopic
inside testing file~~~~~~~~
in microgear-testing
filePath to cache file: /Users/tsn/Desktop/MyMochaChaiSinonExample/node_modules/mocha/bin/microgear.cache
receiver file: /Users/tsn/Desktop/MyMochaChaiSinonExample/specs/receiver.txt
~~~~~~~~~~~~~~~~~~~~~~~~~~~


  Code 6: Unsubscribe
    Code 6: Case 5 Unsubscribe invalid topic - no slash
clear cache
publish message
!! Error: microgear is disconnected, cannot publish.
publish message
Connected...
publishx tofirstTopic
publish message
!! Error: microgear is disconnected, cannot publish.
publish message
!! Error: microgear is disconnected, cannot publish.
publish message
!! Error: microgear is disconnected, cannot publish.
publish message
Connected...
publishx tofirstTopic
publish message
!! Error: microgear is disconnected, cannot publish.
publish message
!! Error: microgear is disconnected, cannot publish.
publish message
!! Error: microgear is disconnected, cannot publish.
publish message
Connected...
publishx tofirstTopic
publish message
!! Error: microgear is disconnected, cannot publish.
publish message
!! Error: microgear is disconnected, cannot publish.
publish message
!! Error: microgear is disconnected, cannot publish.
publish message
!! Error: microgear is disconnected, cannot publish.
publish message
Connected...
publishx tofirstTopic
publish message
!! Error: microgear is disconnected, cannot publish.
publish message
!! Error: microgear is disconnected, cannot publish.
publish message
!! Error: microgear is disconnected, cannot publish.
publish message
!! Error: microgear is disconnected, cannot publish.
publish message
!! Error: microgear is disconnected, cannot publish.
publish message
Connected...
publishx tofirstTopic
publish message
!! Error: microgear is disconnected, cannot publish.
publish message
!! Error: microgear is disconnected, cannot publish.
publish message
!! Error: microgear is disconnected, cannot publish.
publish message
!! Error: microgear is disconnected, cannot publish.
publish message
!! Error: microgear is disconnected, cannot publish.
publish message
!! Error: microgear is disconnected, cannot publish.
publish message
Connected...
publishx tofirstTopic
publish message
publish message
!! Error: microgear is disconnected, cannot publish.
publish message
!! Error: microgear is disconnected, cannot publish.
publish message
!! Error: microgear is disconnected, cannot publish.
publish message
!! Error: microgear is disconnected, cannot publish.
publish message
!! Error: microgear is disconnected, cannot publish.
publish message
!! Error: microgear is disconnected, cannot publish.
publish message
!! Error: microgear is disconnected, cannot publish.
publish message
Connected...
publishx tofirstTopic
publish message
!! Error: microgear is disconnected, cannot publish.
publish message
!! Error: microgear is disconnected, cannot publish.
publish message
!! Error: microgear is disconnected, cannot publish.
publish message
!! Error: microgear is disconnected, cannot publish.
publish message
!! Error: microgear is disconnected, cannot publish.
publish message
!! Error: microgear is disconnected, cannot publish.
publish message
!! Error: microgear is disconnected, cannot publish.
publish message
!! Error: microgear is disconnected, cannot publish.
publish message
!! Error: microgear is disconnected, cannot publish.
publish message
Connected...
publishx tofirstTopic
publish message
!! Error: microgear is disconnected, cannot publish.
publish message
!! Error: microgear is disconnected, cannot publish.
publish message
!! Error: microgear is disconnected, cannot publish.
publish message
!! Error: microgear is disconnected, cannot publish.
publish message
!! Error: microgear is disconnected, cannot publish.
publish message
!! Error: microgear is disconnected, cannot publish.
publish message
!! Error: microgear is disconnected, cannot publish.
publish message
!! Error: microgear is disconnected, cannot publish.
publish message
!! Error: microgear is disconnected, cannot publish.
publish message
!! Error: microgear is disconnected, cannot publish.
publish message
Connected...
publishx tofirstTopic
publish message
!! Error: microgear is disconnected, cannot publish.
publish message
!! Error: microgear is disconnected, cannot publish.
publish message
!! Error: microgear is disconnected, cannot publish.
publish message
!! Error: microgear is disconnected, cannot publish.
publish message
!! Error: microgear is disconnected, cannot publish.
publish message
!! Error: microgear is disconnected, cannot publish.
publish message
!! Error: microgear is disconnected, cannot publish.
publish message
!! Error: microgear is disconnected, cannot publish.
publish message
!! Error: microgear is disconnected, cannot publish.
publish message
!! Error: microgear is disconnected, cannot publish.
publish message
!! Error: microgear is disconnected, cannot publish.
publish message
!! Error: microgear is disconnected, cannot publish.
publish message
!! Error: microgear is disconnected, cannot publish.
publish message
Connected...
publishx tofirstTopic
publish message
!! Error: microgear is disconnected, cannot publish.
publish message
!! Error: microgear is disconnected, cannot publish.
publish message
!! Error: microgear is disconnected, cannot publish.
publish message
!! Error: microgear is disconnected, cannot publish.
publish message
!! Error: microgear is disconnected, cannot publish.
publish message
!! Error: microgear is disconnected, cannot publish.
publish message
!! Error: microgear is disconnected, cannot publish.
publish message
!! Error: microgear is disconnected, cannot publish.
publish message
!! Error: microgear is disconnected, cannot publish.
publish message
!! Error: microgear is disconnected, cannot publish.
publish message
!! Error: microgear is disconnected, cannot publish.
publish message
!! Error: microgear is disconnected, cannot publish.
publish message
!! Error: microgear is disconnected, cannot publish.
publish message
Connected...
publishx tofirstTopic
publish message
publish message
publish message
!! Error: microgear is disconnected, cannot publish.
publish message
!! Error: microgear is disconnected, cannot publish.
publish message
!! Error: microgear is disconnected, cannot publish.
publish message
!! Error: microgear is disconnected, cannot publish.
publish message
!! Error: microgear is disconnected, cannot publish.
publish message
!! Error: microgear is disconnected, cannot publish.
publish message
!! Error: microgear is disconnected, cannot publish.
publish message
!! Error: microgear is disconnected, cannot publish.
publish message
!! Error: microgear is disconnected, cannot publish.
publish message
!! Error: microgear is disconnected, cannot publish.
publish message
!! Error: microgear is disconnected, cannot publish.
publish message
!! Error: microgear is disconnected, cannot publish.
publish message
!! Error: microgear is disconnected, cannot publish.
publish message
!! Error: microgear is disconnected, cannot publish.
publish message
Connected...
publishx tofirstTopic
publish message
!! Error: microgear is disconnected, cannot publish.
publish message
!! Error: microgear is disconnected, cannot publish.
publish message
!! Error: microgear is disconnected, cannot publish.
publish message
!! Error: microgear is disconnected, cannot publish.
publish message
!! Error: microgear is disconnected, cannot publish.
publish message
!! Error: microgear is disconnected, cannot publish.
publish message
!! Error: microgear is disconnected, cannot publish.
publish message
!! Error: microgear is disconnected, cannot publish.
publish message
!! Error: microgear is disconnected, cannot publish.
publish message
!! Error: microgear is disconnected, cannot publish.
publish message
!! Error: microgear is disconnected, cannot publish.
publish message
!! Error: microgear is disconnected, cannot publish.
publish message
!! Error: microgear is disconnected, cannot publish.
publish message
!! Error: microgear is disconnected, cannot publish.
publish message
!! Error: microgear is disconnected, cannot publish.
publish message
!! Error: microgear is disconnected, cannot publish.
publish message
Connected...
publishx tofirstTopic
publish message
!! Error: microgear is disconnected, cannot publish.
publish message
!! Error: microgear is disconnected, cannot publish.
publish message
!! Error: microgear is disconnected, cannot publish.
publish message
!! Error: microgear is disconnected, cannot publish.
publish message
!! Error: microgear is disconnected, cannot publish.
publish message
!! Error: microgear is disconnected, cannot publish.
publish message
!! Error: microgear is disconnected, cannot publish.
publish message
!! Error: microgear is disconnected, cannot publish.
publish message
!! Error: microgear is disconnected, cannot publish.
publish message
!! Error: microgear is disconnected, cannot publish.
publish message
!! Error: microgear is disconnected, cannot publish.
publish message
!! Error: microgear is disconnected, cannot publish.
publish message
!! Error: microgear is disconnected, cannot publish.
publish message
!! Error: microgear is disconnected, cannot publish.
publish message
!! Error: microgear is disconnected, cannot publish.
publish message
!! Error: microgear is disconnected, cannot publish.
publish message
!! Error: microgear is disconnected, cannot publish.
publish message
Connected...
publishx tofirstTopic
publish message
!! Error: microgear is disconnected, cannot publish.
publish message
!! Error: microgear is disconnected, cannot publish.
publish message
!! Error: microgear is disconnected, cannot publish.
publish message
!! Error: microgear is disconnected, cannot publish.
publish message
!! Error: microgear is disconnected, cannot publish.
publish message
!! Error: microgear is disconnected, cannot publish.
publish message
!! Error: microgear is disconnected, cannot publish.
publish message
!! Error: microgear is disconnected, cannot publish.
publish message
!! Error: microgear is disconnected, cannot publish.
publish message
!! Error: microgear is disconnected, cannot publish.
publish message
!! Error: microgear is disconnected, cannot publish.
publish message
!! Error: microgear is disconnected, cannot publish.
publish message
!! Error: microgear is disconnected, cannot publish.
publish message
!! Error: microgear is disconnected, cannot publish.
publish message
!! Error: microgear is disconnected, cannot publish.
publish message
!! Error: microgear is disconnected, cannot publish.
publish message
!! Error: microgear is disconnected, cannot publish.
publish message
Connected...
publishx tofirstTopic
publish message
publish message
publish message
!! Error: microgear is disconnected, cannot publish.
publish message
!! Error: microgear is disconnected, cannot publish.
publish message
!! Error: microgear is disconnected, cannot publish.
publish message
!! Error: microgear is disconnected, cannot publish.
publish message
!! Error: microgear is disconnected, cannot publish.
publish message
!! Error: microgear is disconnected, cannot publish.
publish message
!! Error: microgear is disconnected, cannot publish.
publish message
!! Error: microgear is disconnected, cannot publish.
publish message
!! Error: microgear is disconnected, cannot publish.
publish message
!! Error: microgear is disconnected, cannot publish.
publish message
!! Error: microgear is disconnected, cannot publish.
publish message
!! Error: microgear is disconnected, cannot publish.
publish message
!! Error: microgear is disconnected, cannot publish.
publish message
!! Error: microgear is disconnected, cannot publish.
publish message
!! Error: microgear is disconnected, cannot publish.
publish message
!! Error: microgear is disconnected, cannot publish.
publish message
!! Error: microgear is disconnected, cannot publish.
publish message
!! Error: microgear is disconnected, cannot publish.
publish message
Connected...
publishx tofirstTopic
publish message
publish message
!! Error: microgear is disconnected, cannot publish.
publish message
!! Error: microgear is disconnected, cannot publish.
publish message
!! Error: microgear is disconnected, cannot publish.
publish message
!! Error: microgear is disconnected, cannot publish.
publish message
!! Error: microgear is disconnected, cannot publish.
publish message
!! Error: microgear is disconnected, cannot publish.
publish message
!! Error: microgear is disconnected, cannot publish.
publish message
!! Error: microgear is disconnected, cannot publish.
publish message
!! Error: microgear is disconnected, cannot publish.
publish message
!! Error: microgear is disconnected, cannot publish.
publish message
!! Error: microgear is disconnected, cannot publish.
publish message
!! Error: microgear is disconnected, cannot publish.
publish message
!! Error: microgear is disconnected, cannot publish.
publish message
!! Error: microgear is disconnected, cannot publish.
publish message
!! Error: microgear is disconnected, cannot publish.
publish message
!! Error: microgear is disconnected, cannot publish.
publish message
!! Error: microgear is disconnected, cannot publish.
publish message
!! Error: microgear is disconnected, cannot publish.
publish message
!! Error: microgear is disconnected, cannot publish.
publish message
Connected...
publishx tofirstTopic
publish message
publish message
!! Error: microgear is disconnected, cannot publish.
publish message
!! Error: microgear is disconnected, cannot publish.
publish message
!! Error: microgear is disconnected, cannot publish.
publish message
!! Error: microgear is disconnected, cannot publish.
publish message
!! Error: microgear is disconnected, cannot publish.
publish message
!! Error: microgear is disconnected, cannot publish.
publish message
!! Error: microgear is disconnected, cannot publish.
publish message
!! Error: microgear is disconnected, cannot publish.
publish message
!! Error: microgear is disconnected, cannot publish.
publish message
!! Error: microgear is disconnected, cannot publish.
publish message
!! Error: microgear is disconnected, cannot publish.
publish message
!! Error: microgear is disconnected, cannot publish.
publish message
!! Error: microgear is disconnected, cannot publish.
publish message
!! Error: microgear is disconnected, cannot publish.
publish message
!! Error: microgear is disconnected, cannot publish.
publish message
!! Error: microgear is disconnected, cannot publish.
publish message
!! Error: microgear is disconnected, cannot publish.
publish message
!! Error: microgear is disconnected, cannot publish.
publish message
!! Error: microgear is disconnected, cannot publish.
publish message
!! Error: microgear is disconnected, cannot publish.
publish message
Connected...
publishx tofirstTopic
publish message
!! Error: microgear is disconnected, cannot publish.
publish message
!! Error: microgear is disconnected, cannot publish.
publish message
!! Error: microgear is disconnected, cannot publish.
publish message
!! Error: microgear is disconnected, cannot publish.
publish message
!! Error: microgear is disconnected, cannot publish.
publish message
!! Error: microgear is disconnected, cannot publish.
publish message
!! Error: microgear is disconnected, cannot publish.
publish message
!! Error: microgear is disconnected, cannot publish.
publish message
!! Error: microgear is disconnected, cannot publish.
publish message
!! Error: microgear is disconnected, cannot publish.
publish message
!! Error: microgear is disconnected, cannot publish.
publish message
!! Error: microgear is disconnected, cannot publish.
publish message
!! Error: microgear is disconnected, cannot publish.
publish message
!! Error: microgear is disconnected, cannot publish.
publish message
!! Error: microgear is disconnected, cannot publish.
publish message
!! Error: microgear is disconnected, cannot publish.
publish message
!! Error: microgear is disconnected, cannot publish.
publish message
!! Error: microgear is disconnected, cannot publish.
publish message
!! Error: microgear is disconnected, cannot publish.
publish message
!! Error: microgear is disconnected, cannot publish.
publish message
!! Error: microgear is disconnected, cannot publish.
publish message
!! Error: microgear is disconnected, cannot publish.
publish message
!! Error: microgear is disconnected, cannot publish.
publish message
Connected...
publishx tofirstTopic
publish message
!! Error: microgear is disconnected, cannot publish.
publish message
!! Error: microgear is disconnected, cannot publish.
publish message
!! Error: microgear is disconnected, cannot publish.
publish message
!! Error: microgear is disconnected, cannot publish.
publish message
!! Error: microgear is disconnected, cannot publish.
publish message
!! Error: microgear is disconnected, cannot publish.
publish message
!! Error: microgear is disconnected, cannot publish.
publish message
!! Error: microgear is disconnected, cannot publish.
publish message
!! Error: microgear is disconnected, cannot publish.
publish message
!! Error: microgear is disconnected, cannot publish.
publish message
!! Error: microgear is disconnected, cannot publish.
publish message
!! Error: microgear is disconnected, cannot publish.
publish message
!! Error: microgear is disconnected, cannot publish.
publish message
!! Error: microgear is disconnected, cannot publish.
publish message
!! Error: microgear is disconnected, cannot publish.
publish message
!! Error: microgear is disconnected, cannot publish.
publish message
!! Error: microgear is disconnected, cannot publish.
publish message
!! Error: microgear is disconnected, cannot publish.
publish message
!! Error: microgear is disconnected, cannot publish.
publish message
!! Error: microgear is disconnected, cannot publish.
publish message
!! Error: microgear is disconnected, cannot publish.
publish message
!! Error: microgear is disconnected, cannot publish.
publish message
!! Error: microgear is disconnected, cannot publish.
publish message
!! Error: microgear is disconnected, cannot publish.
publish message
!! Error: microgear is disconnected, cannot publish.
publish message
Connected...
publishx tofirstTopic
publish message
publish message
publish message
publish message
publish message
publish message
publish message
publish message
publish message
publish message
publish message
publish message
publish message
publish message
publish message
publish message
publish message
publish message
publish message
publish message
publish message
publish message
publish message
publish message
publish message
publish message
publish message
publish message
publish message
publish message
publish message
publish message
publish message
publish message
publish message
publish message
publish message
publish message
publish message
publish message
publish message
publish message
publish message
publish message
publish message
publish message
publish message
publish message
publish message
publish message
publish message
publish message
publish message
publish message
publish message
publish message
publish message
publish message
publish message
publish message
publish message
publish message
publish message
publish message
publish message
publish message
publish message
publish message
publish message
publish message
publish message
!! Error: microgear is disconnected, cannot publish.
publish message
!! Error: microgear is disconnected, cannot publish.
publish message
!! Error: microgear is disconnected, cannot publish.
publish message
!! Error: microgear is disconnected, cannot publish.
publish message
!! Error: microgear is disconnected, cannot publish.
publish message
!! Error: microgear is disconnected, cannot publish.
publish message
!! Error: microgear is disconnected, cannot publish.
publish message
!! Error: microgear is disconnected, cannot publish.
publish message
!! Error: microgear is disconnected, cannot publish.
publish message
!! Error: microgear is disconnected, cannot publish.
publish message
!! Error: microgear is disconnected, cannot publish.
publish message
!! Error: microgear is disconnected, cannot publish.
publish message
!! Error: microgear is disconnected, cannot publish.
publish message
!! Error: microgear is disconnected, cannot publish.
publish message
!! Error: microgear is disconnected, cannot publish.
publish message
!! Error: microgear is disconnected, cannot publish.
publish message
!! Error: microgear is disconnected, cannot publish.
publish message
!! Error: microgear is disconnected, cannot publish.
publish message
!! Error: microgear is disconnected, cannot publish.
publish message
!! Error: microgear is disconnected, cannot publish.
publish message
!! Error: microgear is disconnected, cannot publish.
publish message
!! Error: microgear is disconnected, cannot publish.
publish message
Connected...
publishx tofirstTopic
publish message
publish message
publish message
publish message
!! Error: microgear is disconnected, cannot publish.
publish message
!! Error: microgear is disconnected, cannot publish.
publish message
!! Error: microgear is disconnected, cannot publish.
publish message
!! Error: microgear is disconnected, cannot publish.
publish message
!! Error: microgear is disconnected, cannot publish.
publish message
!! Error: microgear is disconnected, cannot publish.
publish message
!! Error: microgear is disconnected, cannot publish.
publish message
!! Error: microgear is disconnected, cannot publish.
publish message
!! Error: microgear is disconnected, cannot publish.
publish message
!! Error: microgear is disconnected, cannot publish.
publish message
!! Error: microgear is disconnected, cannot publish.
publish message
!! Error: microgear is disconnected, cannot publish.
publish message
!! Error: microgear is disconnected, cannot publish.
publish message
!! Error: microgear is disconnected, cannot publish.
publish message
!! Error: microgear is disconnected, cannot publish.
publish message
!! Error: microgear is disconnected, cannot publish.
publish message
!! Error: microgear is disconnected, cannot publish.
publish message
!! Error: microgear is disconnected, cannot publish.
publish message
!! Error: microgear is disconnected, cannot publish.
publish message
!! Error: microgear is disconnected, cannot publish.
publish message
!! Error: microgear is disconnected, cannot publish.
publish message
!! Error: microgear is disconnected, cannot publish.
publish message
!! Error: microgear is disconnected, cannot publish.
publish message
!! Error: microgear is disconnected, cannot publish.
publish message
!! Error: microgear is disconnected, cannot publish.
publish message
!! Error: microgear is disconnected, cannot publish.
publish message
!! Error: microgear is disconnected, cannot publish.
publish message
!! Error: microgear is disconnected, cannot publish.
publish message
!! Error: microgear is disconnected, cannot publish.
publish message
!! Error: microgear is disconnected, cannot publish.
publish message
!! Error: microgear is disconnected, cannot publish.
publish message
!! Error: microgear is disconnected, cannot publish.
publish message
Connected...
publishx tofirstTopic
publish message
!! Error: microgear is disconnected, cannot publish.
publish message
!! Error: microgear is disconnected, cannot publish.
publish message
!! Error: microgear is disconnected, cannot publish.
publish message
!! Error: microgear is disconnected, cannot publish.
publish message
!! Error: microgear is disconnected, cannot publish.
publish message
!! Error: microgear is disconnected, cannot publish.
publish message
!! Error: microgear is disconnected, cannot publish.
publish message
!! Error: microgear is disconnected, cannot publish.
publish message
!! Error: microgear is disconnected, cannot publish.
publish message
!! Error: microgear is disconnected, cannot publish.
publish message
!! Error: microgear is disconnected, cannot publish.
publish message
!! Error: microgear is disconnected, cannot publish.
publish message
!! Error: microgear is disconnected, cannot publish.
publish message
!! Error: microgear is disconnected, cannot publish.
publish message
!! Error: microgear is disconnected, cannot publish.
publish message
!! Error: microgear is disconnected, cannot publish.
publish message
!! Error: microgear is disconnected, cannot publish.
publish message
!! Error: microgear is disconnected, cannot publish.
publish message
!! Error: microgear is disconnected, cannot publish.
publish message
!! Error: microgear is disconnected, cannot publish.
publish message
!! Error: microgear is disconnected, cannot publish.
publish message
!! Error: microgear is disconnected, cannot publish.
publish message
!! Error: microgear is disconnected, cannot publish.
publish message
!! Error: microgear is disconnected, cannot publish.
publish message
!! Error: microgear is disconnected, cannot publish.
publish message
!! Error: microgear is disconnected, cannot publish.
publish message
!! Error: microgear is disconnected, cannot publish.
publish message
!! Error: microgear is disconnected, cannot publish.
publish message
Connected...
publishx tofirstTopic
publish message
!! Error: microgear is disconnected, cannot publish.
publish message
!! Error: microgear is disconnected, cannot publish.
publish message
!! Error: microgear is disconnected, cannot publish.
publish message
!! Error: microgear is disconnected, cannot publish.
publish message
!! Error: microgear is disconnected, cannot publish.
publish message
!! Error: microgear is disconnected, cannot publish.
publish message
!! Error: microgear is disconnected, cannot publish.
publish message
!! Error: microgear is disconnected, cannot publish.
publish message
!! Error: microgear is disconnected, cannot publish.
publish message
!! Error: microgear is disconnected, cannot publish.
publish message
!! Error: microgear is disconnected, cannot publish.
publish message
!! Error: microgear is disconnected, cannot publish.
publish message
!! Error: microgear is disconnected, cannot publish.
publish message
!! Error: microgear is disconnected, cannot publish.
publish message
!! Error: microgear is disconnected, cannot publish.
publish message
!! Error: microgear is disconnected, cannot publish.
publish message
!! Error: microgear is disconnected, cannot publish.
publish message
!! Error: microgear is disconnected, cannot publish.
publish message
!! Error: microgear is disconnected, cannot publish.
publish message
!! Error: microgear is disconnected, cannot publish.
publish message
!! Error: microgear is disconnected, cannot publish.
publish message
!! Error: microgear is disconnected, cannot publish.
publish message
!! Error: microgear is disconnected, cannot publish.
publish message
!! Error: microgear is disconnected, cannot publish.
publish message
!! Error: microgear is disconnected, cannot publish.
publish message
      ✓ should not receive message after unsubscribe (37013ms)
!! Error: microgear is disconnected, cannot publish.
publish message
!! Error: microgear is disconnected, cannot publish.
publish message


  1 passing (37s)

!! Error: microgear is disconnected, cannot publish.
publish message
!! Error: microgear is disconnected, cannot publish.
publish message
Connected...
publishx tofirstTopic
publish message
publish message
publish message
publish message
publish message
publish message
publish message
publish message
publish message
!! Error: microgear is disconnected, cannot publish.
publish message
!! Error: microgear is disconnected, cannot publish.
publish message
!! Error: microgear is disconnected, cannot publish.
publish message
!! Error: microgear is disconnected, cannot publish.
publish message
!! Error: microgear is disconnected, cannot publish.
publish message
!! Error: microgear is disconnected, cannot publish.
publish message
!! Error: microgear is disconnected, cannot publish.
publish message
!! Error: microgear is disconnected, cannot publish.
publish message
!! Error: microgear is disconnected, cannot publish.
publish message
!! Error: microgear is disconnected, cannot publish.
publish message
!! Error: microgear is disconnected, cannot publish.
publish message
!! Error: microgear is disconnected, cannot publish.
publish message
!! Error: microgear is disconnected, cannot publish.
publish message
!! Error: microgear is disconnected, cannot publish.
publish message
!! Error: microgear is disconnected, cannot publish.
publish message
!! Error: microgear is disconnected, cannot publish.
publish message
!! Error: microgear is disconnected, cannot publish.
publish message
!! Error: microgear is disconnected, cannot publish.
publish message
!! Error: microgear is disconnected, cannot publish.
publish message
!! Error: microgear is disconnected, cannot publish.
publish message
!! Error: microgear is disconnected, cannot publish.
publish message
!! Error: microgear is disconnected, cannot publish.
publish message
!! Error: microgear is disconnected, cannot publish.
publish message
!! Error: microgear is disconnected, cannot publish.
publish message
!! Error: microgear is disconnected, cannot publish.
publish message
!! Error: microgear is disconnected, cannot publish.
publish message
!! Error: microgear is disconnected, cannot publish.
publish message
Connected...
publishx tofirstTopic
publish message
!! Error: microgear is disconnected, cannot publish.
publish message
!! Error: microgear is disconnected, cannot publish.
publish message
!! Error: microgear is disconnected, cannot publish.
publish message
!! Error: microgear is disconnected, cannot publish.
publish message
!! Error: microgear is disconnected, cannot publish.
publish message
!! Error: microgear is disconnected, cannot publish.
publish message
!! Error: microgear is disconnected, cannot publish.
publish message
!! Error: microgear is disconnected, cannot publish.
publish message
!! Error: microgear is disconnected, cannot publish.
publish message
!! Error: microgear is disconnected, cannot publish.
publish message
!! Error: microgear is disconnected, cannot publish.
publish message
!! Error: microgear is disconnected, cannot publish.
publish message
!! Error: microgear is disconnected, cannot publish.
publish message
!! Error: microgear is disconnected, cannot publish.
publish message
!! Error: microgear is disconnected, cannot publish.
publish message
!! Error: microgear is disconnected, cannot publish.
publish message
!! Error: microgear is disconnected, cannot publish.
publish message
!! Error: microgear is disconnected, cannot publish.
publish message
!! Error: microgear is disconnected, cannot publish.
publish message
!! Error: microgear is disconnected, cannot publish.
publish message
!! Error: microgear is disconnected, cannot publish.
publish message
!! Error: microgear is disconnected, cannot publish.
publish message
!! Error: microgear is disconnected, cannot publish.
publish message
!! Error: microgear is disconnected, cannot publish.
publish message
!! Error: microgear is disconnected, cannot publish.
publish message
!! Error: microgear is disconnected, cannot publish.
publish message
!! Error: microgear is disconnected, cannot publish.
publish message
!! Error: microgear is disconnected, cannot publish.
publish message
!! Error: microgear is disconnected, cannot publish.
publish message
!! Error: microgear is disconnected, cannot publish.
publish message
!! Error: microgear is disconnected, cannot publish.
publish message
!! Error: microgear is disconnected, cannot publish.
publish message
!! Error: microgear is disconnected, cannot publish.
publish message
Connected...
publishx tofirstTopic
publish message
publish message
publish message
!! Error: microgear is disconnected, cannot publish.
publish message
!! Error: microgear is disconnected, cannot publish.
publish message
!! Error: microgear is disconnected, cannot publish.
publish message
!! Error: microgear is disconnected, cannot publish.
publish message
!! Error: microgear is disconnected, cannot publish.
publish message
Code 6 done~~~~~~~~~~~~~~~~~~~~~~~~~~~~~~~~~~~~~~~~~~~~~~~~~~~~~~~~~~~~~
Code 7 start~~~~~~~~~~~~~~~~~~~~~~~~~~~~~~~~~~~~~~~~~~~~~~~~~~~~~~~~~~~~~
myhelper
appdir in index file: /Users/tsn/Desktop/MyMochaChaiSinonExample/microgear_helpers
in helper file pathToFile in helper file: /Users/tsn/Desktop/MyMochaChaiSinonExample/specs/receiver.txt
clear cache
Connected...
mymocha
appdir in index file: /Users/tsn/Desktop/MyMochaChaiSinonExample/node_modules/mocha/bin
inside testing file~~~~~~~~
in microgear-testing
filePath to cache file: /Users/tsn/Desktop/MyMochaChaiSinonExample/node_modules/mocha/bin/microgear.cache
receiver file: /Users/tsn/Desktop/MyMochaChaiSinonExample/specs/receiver.txt
~~~~~~~~~~~~~~~~~~~~~~~~~~~


  Code 7: Publish
    Code 7: Case 1 Publish to topic that subscribe after
clear cache
create empty file!
subscribe
publish message
Incoming message: Hello
The file was saved!
publish message
publish message
publish message
( Hello )
publish message
publish message
publish message
publish message
publish message
publish message
publish message
publish message
      ✓ should publish to topic that subscribe before publisher starts (23052ms)


  1 passing (23s)

myhelper
appdir in index file: /Users/tsn/Desktop/MyMochaChaiSinonExample/microgear_helpers
in helper file pathToFile in helper file: /Users/tsn/Desktop/MyMochaChaiSinonExample/specs/receiver.txt
clear cache
mymocha
appdir in index file: /Users/tsn/Desktop/MyMochaChaiSinonExample/node_modules/mocha/bin
inside testing file~~~~~~~~
in microgear-testing
filePath to cache file: /Users/tsn/Desktop/MyMochaChaiSinonExample/node_modules/mocha/bin/microgear.cache
receiver file: /Users/tsn/Desktop/MyMochaChaiSinonExample/specs/receiver.txt
~~~~~~~~~~~~~~~~~~~~~~~~~~~


  Code 7: Publish
    Code 7: Case 2 Publish to topic that subscribe before
create empty file!
clear cache
Connected...
subscribex to/firstTopic
publish message
Incoming message: Hello
The file was saved!
publish message
publish message
publish message
( Hello )
publish message
publish message
publish message
publish message
publish message
publish message
publish message
publish message
      ✓ should publish to topic that subscribe before publisher starts (23046ms)


  1 passing (23s)

myhelper
appdir in index file: /Users/tsn/Desktop/MyMochaChaiSinonExample/microgear_helpers
in helper file pathToFile in helper file: /Users/tsn/Desktop/MyMochaChaiSinonExample/specs/receiver.txt
/firstTopic
clear cache
Connected...
publishx to/firstTopic
mymocha
appdir in index file: /Users/tsn/Desktop/MyMochaChaiSinonExample/node_modules/mocha/bin
publish message
inside testing file~~~~~~~~
in microgear-testing
filePath to cache file: /Users/tsn/Desktop/MyMochaChaiSinonExample/node_modules/mocha/bin/microgear.cache
receiver file: /Users/tsn/Desktop/MyMochaChaiSinonExample/specs/receiver.txt
~~~~~~~~~~~~~~~~~~~~~~~~~~~


  Code 7: Publish
    Code 7: Case 3 Publish to microgear that subscribe other topic
clear cache
create empty file!
publish message
publish message
publish message
publish message
publish message
publish message
publish message
publish message
publish message
publish message
publish message
publish message
publish message
publish message
publish message
publish message
publish message
publish message
publish message
publish message
publish message
publish message
publish message
      ✓ subscribers should not receive message from topic it does not subscribe (23079ms)


  1 passing (23s)

publish message
publish message
publish message
myhelper
appdir in index file: /Users/tsn/Desktop/MyMochaChaiSinonExample/microgear_helpers
in helper file pathToFile in helper file: /Users/tsn/Desktop/MyMochaChaiSinonExample/specs/receiver.txt
clear cache
mymocha
appdir in index file: /Users/tsn/Desktop/MyMochaChaiSinonExample/node_modules/mocha/bin
inside testing file~~~~~~~~
in microgear-testing
filePath to cache file: /Users/tsn/Desktop/MyMochaChaiSinonExample/node_modules/mocha/bin/microgear.cache
receiver file: /Users/tsn/Desktop/MyMochaChaiSinonExample/specs/receiver.txt
~~~~~~~~~~~~~~~~~~~~~~~~~~~


  Code 7: Publish
    Code 7: Case 4 Publish to topic empty string
      - should not be able to publish message


  0 passing (6ms)
  1 pending

Connected...
subscribex to
myhelper
appdir in index file: /Users/tsn/Desktop/MyMochaChaiSinonExample/microgear_helpers
in helper file pathToFile in helper file: /Users/tsn/Desktop/MyMochaChaiSinonExample/specs/receiver.txt
clear cache
Connected...
subscribex tofirstTopic
mymocha
appdir in index file: /Users/tsn/Desktop/MyMochaChaiSinonExample/node_modules/mocha/bin
inside testing file~~~~~~~~
in microgear-testing
filePath to cache file: /Users/tsn/Desktop/MyMochaChaiSinonExample/node_modules/mocha/bin/microgear.cache
receiver file: /Users/tsn/Desktop/MyMochaChaiSinonExample/specs/receiver.txt
~~~~~~~~~~~~~~~~~~~~~~~~~~~


  Code 7: Publish
    Code 7: Case 5 Publish to invalid topic - no slash
create empty file!
clear cache
2
      ✓ should not be able to publish message (23075ms)


  1 passing (23s)

Code 7 done~~~~~~~~~~~~~~~~~~~~~~~~~~~~~~~~~~~~~~~~~~~~~~~~~~~~~~~~~~~~~
Code 8 start~~~~~~~~~~~~~~~~~~~~~~~~~~~~~~~~~~~~~~~~~~~~~~~~~~~~~~~~~~~~~
mymocha
appdir in index file: /Users/tsn/Desktop/MyMochaChaiSinonExample/node_modules/mocha/bin
inside testing file~~~~~~~~
in microgear-testing
filePath to cache file: /Users/tsn/Desktop/MyMochaChaiSinonExample/node_modules/mocha/bin/microgear.cache
receiver file: /Users/tsn/Desktop/MyMochaChaiSinonExample/specs/receiver.txt
~~~~~~~~~~~~~~~~~~~~~~~~~~~


  Code 8: Resettoken
    Code 8: Case 1 Resettoken when no cache file
      ✓ should do nothing


  1 passing (30ms)

mymocha
appdir in index file: /Users/tsn/Desktop/MyMochaChaiSinonExample/node_modules/mocha/bin
inside testing file~~~~~~~~
in microgear-testing
filePath to cache file: /Users/tsn/Desktop/MyMochaChaiSinonExample/node_modules/mocha/bin/microgear.cache
receiver file: /Users/tsn/Desktop/MyMochaChaiSinonExample/specs/receiver.txt
~~~~~~~~~~~~~~~~~~~~~~~~~~~


  0 passing (2ms)

mymocha
appdir in index file: /Users/tsn/Desktop/MyMochaChaiSinonExample/node_modules/mocha/bin
inside testing file~~~~~~~~
in microgear-testing
filePath to cache file: /Users/tsn/Desktop/MyMochaChaiSinonExample/node_modules/mocha/bin/microgear.cache
receiver file: /Users/tsn/Desktop/MyMochaChaiSinonExample/specs/receiver.txt
~~~~~~~~~~~~~~~~~~~~~~~~~~~


  Code 8: Resettoken
    Code 8: Case 3 Resettoken twice
clear cache
      ✓ should just resettoken like usual (439ms)


  1 passing (21s)

mymocha
appdir in index file: /Users/tsn/Desktop/MyMochaChaiSinonExample/node_modules/mocha/bin
inside testing file~~~~~~~~
in microgear-testing
filePath to cache file: /Users/tsn/Desktop/MyMochaChaiSinonExample/node_modules/mocha/bin/microgear.cache
receiver file: /Users/tsn/Desktop/MyMochaChaiSinonExample/specs/receiver.txt
~~~~~~~~~~~~~~~~~~~~~~~~~~~


  Code 8: Resettoken
    Code 8: Case 4 Resettoken while still online
clear cache
      ✓ should just resettoken like usual (98ms)


  1 passing (20s)

myhelper
appdir in index file: /Users/tsn/Desktop/MyMochaChaiSinonExample/microgear_helpers
in helper file pathToFile in helper file: /Users/tsn/Desktop/MyMochaChaiSinonExample/specs/receiver.txt
clear cache
Connected...
helper chatx to main
chat message
chat message
chat message
chat message
mymocha
appdir in index file: /Users/tsn/Desktop/MyMochaChaiSinonExample/node_modules/mocha/bin
inside testing file~~~~~~~~
in microgear-testing
filePath to cache file: /Users/tsn/Desktop/MyMochaChaiSinonExample/node_modules/mocha/bin/microgear.cache
receiver file: /Users/tsn/Desktop/MyMochaChaiSinonExample/specs/receiver.txt
~~~~~~~~~~~~~~~~~~~~~~~~~~~


  Code 8: Resettoken
    Code 8: Case 5 Resettoken when offline, after create
clear cache
chat message
chat message
chat message
chat message
chat message
chat message
chat message
chat message
chat message
chat message
chat message
chat message
chat message
chat message
chat message
chat message
chat message
chat message
chat message
chat message
chat message
chat message
chat message
chat message
chat message
chat message
chat message
chat message
chat message
chat message
chat message
chat message
chat message
chat message
chat message
chat message
chat message
chat message
chat message
chat message
chat message
chat message
chat message
chat message
chat message
chat message
      ✓ should not receive any message after resettoken (23122ms)


  1 passing (46s)

chat message
chat message
chat message
myhelper
appdir in index file: /Users/tsn/Desktop/MyMochaChaiSinonExample/microgear_helpers
in helper file pathToFile in helper file: /Users/tsn/Desktop/MyMochaChaiSinonExample/specs/receiver.txt
clear cache
Connected...
helper chatx to main
chat message
chat message
chat message
chat message
mymocha
appdir in index file: /Users/tsn/Desktop/MyMochaChaiSinonExample/node_modules/mocha/bin
inside testing file~~~~~~~~
in microgear-testing
filePath to cache file: /Users/tsn/Desktop/MyMochaChaiSinonExample/node_modules/mocha/bin/microgear.cache
receiver file: /Users/tsn/Desktop/MyMochaChaiSinonExample/specs/receiver.txt
~~~~~~~~~~~~~~~~~~~~~~~~~~~


  Code 8: Resettoken
    Code 8: Case 6 Resettoken when offline, after setalias
clear cache
chat message
chat message
chat message
chat message
chat message
chat message
chat message
chat message
chat message
chat message
chat message
chat message
chat message
chat message
chat message
chat message
chat message
chat message
chat message
chat message
chat message
chat message
chat message
chat message
chat message
chat message
chat message
chat message
chat message
chat message
chat message
chat message
chat message
chat message
chat message
chat message
chat message
chat message
chat message
chat message
chat message
chat message
chat message
chat message
chat message
chat message
      ✓ should not receive any message after resettoken (23572ms)


  1 passing (47s)

chat message
chat message
chat message
chat message
myhelper
appdir in index file: /Users/tsn/Desktop/MyMochaChaiSinonExample/microgear_helpers
in helper file pathToFile in helper file: /Users/tsn/Desktop/MyMochaChaiSinonExample/specs/receiver.txt
/firstTopic
clear cache
Connected...
publishx to/firstTopic
publish message
publish message
mymocha
appdir in index file: /Users/tsn/Desktop/MyMochaChaiSinonExample/node_modules/mocha/bin
publish message
inside testing file~~~~~~~~
in microgear-testing
filePath to cache file: /Users/tsn/Desktop/MyMochaChaiSinonExample/node_modules/mocha/bin/microgear.cache
receiver file: /Users/tsn/Desktop/MyMochaChaiSinonExample/specs/receiver.txt
~~~~~~~~~~~~~~~~~~~~~~~~~~~


  Code 8: Resettoken
    Code 8: Case 7 Resettoken when offline, after subscribe
clear cache
publish message
publish message
publish message
publish message
publish message
publish message
publish message
publish message
publish message
publish message
publish message
publish message
publish message
publish message
publish message
publish message
publish message
publish message
publish message
publish message
publish message
publish message
publish message
      1) should not receive any message after resettoken


  0 passing (24s)
  1 failing

  1) Code 8: Resettoken Code 8: Case 7 Resettoken when offline, after subscribe should not receive any message after resettoken:
     Uncaught AssertionError: expected true to be false
      at Assertion.<anonymous> (node_modules/chai/lib/chai/core/assertions.js:290:10)
      at Assertion.addProperty (node_modules/chai/lib/chai/utils/addProperty.js:42:29)
      at specs/microgear_testing.js:3918:53
      at IncomingMessage.<anonymous> (node_modules/microgear/index.js:715:55)
      at endReadableNT (_stream_readable.js:905:12)



publish message
publish message
publish message
Code 8 done~~~~~~~~~~~~~~~~~~~~~~~~~~~~~~~~~~~~~~~~~~~~~~~~~~~~~~~~~~~~~
Test end
20160128153418
